# JRE version: OpenJDK Runtime Environment Temurin-17.0.18+8 (17.0.18+8) (build 17.0.18+8)
# Java VM: OpenJDK 64-Bit Server VM Temurin-17.0.18+8 (17.0.18+8, mixed mode, emulated-client, sharing, tiered, compressed oops, compressed class ptrs, g1 gc, bsd-aarch64)
Heap:
 garbage-first heap   total 97280K, used 44735K [0x000000052a800000, 0x00000005aa800000)
  region size 1024K, 12 young (12288K), 6 survivors (6144K)
 Metaspace       used 65567K, committed 66112K, reserved 1114112K
  class space    used 10289K, committed 10560K, reserved 1048576K
GC Heap History (20 events):
Event: 1.175 GC heap before
{Heap before GC invocations=2 (full 0):
 garbage-first heap   total 133120K, used 75343K [0x000000052a800000, 0x00000005aa800000)
  region size 1024K, 67 young (68608K), 3 survivors (3072K)
 Metaspace       used 21232K, committed 21504K, reserved 1114112K
  class space    used 2992K, committed 3136K, reserved 1048576K
}
Event: 1.181 GC heap after
{Heap after GC invocations=3 (full 0):
 garbage-first heap   total 133120K, used 15191K [0x000000052a800000, 0x00000005aa800000)
  region size 1024K, 7 young (7168K), 7 survivors (7168K)
 Metaspace       used 21232K, committed 21504K, reserved 1114112K
  class space    used 2992K, committed 3136K, reserved 1048576K
}
Event: 1.791 GC heap before
{Heap before GC invocations=4 (full 0):
 garbage-first heap   total 61440K, used 44887K [0x000000052a800000, 0x00000005aa800000)
  region size 1024K, 36 young (36864K), 7 survivors (7168K)
 Metaspace       used 27707K, committed 28096K, reserved 1114112K
  class space    used 4005K, committed 4160K, reserved 1048576K
}
Event: 1.794 GC heap after
{Heap after GC invocations=5 (full 0):
 garbage-first heap   total 61440K, used 16940K [0x000000052a800000, 0x00000005aa800000)
  region size 1024K, 2 young (2048K), 2 survivors (2048K)
 Metaspace       used 27707K, committed 28096K, reserved 1114112K
  class space    used 4005K, committed 4160K, reserved 1048576K
}
Event: 1.800 GC heap before
{Heap before GC invocations=5 (full 0):
 garbage-first heap   total 61440K, used 17964K [0x000000052a800000, 0x00000005aa800000)
  region size 1024K, 3 young (3072K), 2 survivors (2048K)
 Metaspace       used 27923K, committed 28288K, reserved 1114112K
  class space    used 4041K, committed 4224K, reserved 1048576K
}
Event: 1.801 GC heap after
{Heap after GC invocations=6 (full 0):
 garbage-first heap   total 61440K, used 17226K [0x000000052a800000, 0x00000005aa800000)
  region size 1024K, 1 young (1024K), 1 survivors (1024K)
 Metaspace       used 27923K, committed 28288K, reserved 1114112K
  class space    used 4041K, committed 4224K, reserved 1048576K
}
Event: 1.920 GC heap before
{Heap before GC invocations=6 (full 0):
 garbage-first heap   total 61440K, used 41802K [0x000000052a800000, 0x00000005aa800000)
  region size 1024K, 25 young (25600K), 1 survivors (1024K)
 Metaspace       used 33251K, committed 33664K, reserved 1114112K
  class space    used 4666K, committed 4864K, reserved 1048576K
}
Event: 1.921 GC heap after
{Heap after GC invocations=7 (full 0):
 garbage-first heap   total 61440K, used 17603K [0x000000052a800000, 0x00000005aa800000)
  region size 1024K, 1 young (1024K), 1 survivors (1024K)
 Metaspace       used 33251K, committed 33664K, reserved 1114112K
  class space    used 4666K, committed 4864K, reserved 1048576K
}
Event: 1.974 GC heap before
{Heap before GC invocations=7 (full 0):
 garbage-first heap   total 61440K, used 26819K [0x000000052a800000, 0x00000005aa800000)
  region size 1024K, 12 young (12288K), 1 survivors (1024K)
 Metaspace       used 35782K, committed 36096K, reserved 1114112K
  class space    used 4961K, committed 5120K, reserved 1048576K
}
Event: 1.975 GC heap after
{Heap after GC invocations=8 (full 0):
 garbage-first heap   total 61440K, used 17916K [0x000000052a800000, 0x00000005aa800000)
  region size 1024K, 2 young (2048K), 2 survivors (2048K)
 Metaspace       used 35782K, committed 36096K, reserved 1114112K
  class space    used 4961K, committed 5120K, reserved 1048576K
}
Event: 2.149 GC heap before
{Heap before GC invocations=9 (full 0):
 garbage-first heap   total 61440K, used 44540K [0x000000052a800000, 0x00000005aa800000)
  region size 1024K, 28 young (28672K), 2 survivors (2048K)
 Metaspace       used 40986K, committed 41280K, reserved 1114112K
  class space    used 5934K, committed 6080K, reserved 1048576K
}
Event: 2.150 GC heap after
{Heap after GC invocations=10 (full 0):
 garbage-first heap   total 97280K, used 18824K [0x000000052a800000, 0x00000005aa800000)
  region size 1024K, 3 young (3072K), 3 survivors (3072K)
 Metaspace       used 40986K, committed 41280K, reserved 1114112K
  class space    used 5934K, committed 6080K, reserved 1048576K
}
Event: 2.440 GC heap before
{Heap before GC invocations=10 (full 0):
 garbage-first heap   total 97280K, used 74120K [0x000000052a800000, 0x00000005aa800000)
  region size 1024K, 57 young (58368K), 3 survivors (3072K)
 Metaspace       used 50416K, committed 50880K, reserved 1114112K
  class space    used 7515K, committed 7744K, reserved 1048576K
}
Event: 2.443 GC heap after
{Heap after GC invocations=11 (full 0):
 garbage-first heap   total 97280K, used 23596K [0x000000052a800000, 0x00000005aa800000)
  region size 1024K, 7 young (7168K), 7 survivors (7168K)
 Metaspace       used 50416K, committed 50880K, reserved 1114112K
  class space    used 7515K, committed 7744K, reserved 1048576K
}
Event: 2.701 GC heap before
{Heap before GC invocations=11 (full 0):
 garbage-first heap   total 97280K, used 72748K [0x000000052a800000, 0x00000005aa800000)
  region size 1024K, 56 young (57344K), 7 survivors (7168K)
 Metaspace       used 58012K, committed 58496K, reserved 1114112K
  class space    used 8828K, committed 9024K, reserved 1048576K
}
Event: 2.706 GC heap after
{Heap after GC invocations=12 (full 0):
 garbage-first heap   total 97280K, used 28713K [0x000000052a800000, 0x00000005aa800000)
  region size 1024K, 6 young (6144K), 6 survivors (6144K)
 Metaspace       used 58012K, committed 58496K, reserved 1114112K
  class space    used 8828K, committed 9024K, reserved 1048576K
}
Event: 2.776 GC heap before
{Heap before GC invocations=12 (full 0):
 garbage-first heap   total 97280K, used 41001K [0x000000052a800000, 0x00000005aa800000)
  region size 1024K, 20 young (20480K), 6 survivors (6144K)
 Metaspace       used 60227K, committed 60736K, reserved 1114112K
  class space    used 9168K, committed 9408K, reserved 1048576K
}
Event: 2.778 GC heap after
{Heap after GC invocations=13 (full 0):
 garbage-first heap   total 97280K, used 29741K [0x000000052a800000, 0x00000005aa800000)
  region size 1024K, 2 young (2048K), 2 survivors (2048K)
 Metaspace       used 60227K, committed 60736K, reserved 1114112K
  class space    used 9168K, committed 9408K, reserved 1048576K
}
Event: 52.862 GC heap before
{Heap before GC invocations=14 (full 0):
 garbage-first heap   total 97280K, used 81965K [0x000000052a800000, 0x00000005aa800000)
  region size 1024K, 46 young (47104K), 2 survivors (2048K)
 Metaspace       used 65484K, committed 65984K, reserved 1114112K
  class space    used 10267K, committed 10496K, reserved 1048576K
}
Event: 52.887 GC heap after
{Heap after GC invocations=15 (full 0):
 garbage-first heap   total 97280K, used 39615K [0x000000052a800000, 0x00000005aa800000)
  region size 1024K, 6 young (6144K), 6 survivors (6144K)
 Metaspace       used 65484K, committed 65984K, reserved 1114112K
  class space    used 10267K, committed 10496K, reserved 1048576K
}

